0 info it worked if it ends with ok
1 verbose cli [ 'node', '/usr/local/bin/npm', 'start' ]
2 info using npm@3.8.2
3 info using node@v0.10.25
4 verbose node symlink /usr/bin/node
5 verbose run-script [ 'prestart', 'start', 'poststart' ]
6 info lifecycle angular2-quickstart@1.0.0~prestart: angular2-quickstart@1.0.0
7 silly lifecycle angular2-quickstart@1.0.0~prestart: no script for prestart, continuing
8 info lifecycle angular2-quickstart@1.0.0~start: angular2-quickstart@1.0.0
9 verbose lifecycle angular2-quickstart@1.0.0~start: unsafe-perm in lifecycle true
10 verbose lifecycle angular2-quickstart@1.0.0~start: PATH: /usr/local/lib/node_modules/npm/bin/node-gyp-bin:/home/xolani/xolani_projects/django-tut/front-end/node_modules/.bin:/usr/bin:/home/xolani/xolani_projects/xolani_env/bin:/usr/local/sbin:/usr/local/bin:/usr/sbin:/usr/bin:/sbin:/bin:/usr/games:/usr/local/games
11 verbose lifecycle angular2-quickstart@1.0.0~start: CWD: /home/xolani/xolani_projects/django-tut/front-end
12 silly lifecycle angular2-quickstart@1.0.0~start: Args: [ '-c', 'concurrently "npm run tsc:w" "npm run lite" ' ]
13 info lifecycle angular2-quickstart@1.0.0~start: Failed to exec start script
14 verbose stack Error: angular2-quickstart@1.0.0 start: `concurrently "npm run tsc:w" "npm run lite" `
14 verbose stack spawn ENOENT
14 verbose stack     at ChildProcess.<anonymous> (/usr/local/lib/node_modules/npm/lib/utils/spawn.js:17:16)
14 verbose stack     at ChildProcess.EventEmitter.emit (events.js:98:17)
14 verbose stack     at maybeClose (child_process.js:743:16)
14 verbose stack     at Process.ChildProcess._handle.onexit (child_process.js:810:5)
15 verbose pkgid angular2-quickstart@1.0.0
16 verbose cwd /home/xolani/xolani_projects/django-tut/front-end
17 error Linux 3.19.0-32-generic
18 error argv "node" "/usr/local/bin/npm" "start"
19 error node v0.10.25
20 error npm  v3.8.2
21 error file sh
22 error code ELIFECYCLE
23 error errno ENOENT
24 error syscall spawn
25 error angular2-quickstart@1.0.0 start: `concurrently "npm run tsc:w" "npm run lite" `
25 error spawn ENOENT
26 error Failed at the angular2-quickstart@1.0.0 start script 'concurrently "npm run tsc:w" "npm run lite" '.
26 error Make sure you have the latest version of node.js and npm installed.
26 error If you do, this is most likely a problem with the angular2-quickstart package,
26 error not with npm itself.
26 error Tell the author that this fails on your system:
26 error     concurrently "npm run tsc:w" "npm run lite"
26 error You can get information on how to open an issue for this project with:
26 error     npm bugs angular2-quickstart
26 error Or if that isn't available, you can get their info via:
26 error     npm owner ls angular2-quickstart
26 error There is likely additional logging output above.
27 verbose exit [ 1, true ]
